<?xml version="1.0" encoding="UTF-8"?>
<!-- Generated by org.testng.reporters.JUnitXMLReporter -->
<testsuite ignored="0" hostname="Uday" failures="0" tests="5" name="Test" time="0.119" errors="0" timestamp="2021-02-03T11:30:39 IST">
  <testcase classname="DependentTest.DependentTest1" name="openBrowser" time="0.012"/>
  <testcase classname="DependentTest.DependentTest1" name="doSignIn" time="0.004"/>
  <testcase classname="DependentTest.DependentTest1" name="doProfileCheck" time="0.005"/>
  <testcase classname="DependentTest.DependentTest1" name="doLogOt" time="0.002"/>
  <testcase classname="DependentTest.DependentTest1" name="closeBrowser" time="0.012"/>
</testsuite> <!-- Test -->
